0 info it worked if it ends with ok
1 verbose cli [ 'node', '/usr/local/bin/npm', 'install', '-g', 'alloy' ]
2 info using npm@1.4.28
3 info using node@v0.10.32
4 verbose cache add [ 'alloy', null ]
5 verbose cache add name=undefined spec="alloy" args=["alloy",null]
6 verbose parsed url { protocol: null,
6 verbose parsed url   slashes: null,
6 verbose parsed url   auth: null,
6 verbose parsed url   host: null,
6 verbose parsed url   port: null,
6 verbose parsed url   hostname: null,
6 verbose parsed url   hash: null,
6 verbose parsed url   search: null,
6 verbose parsed url   query: null,
6 verbose parsed url   pathname: 'alloy',
6 verbose parsed url   path: 'alloy',
6 verbose parsed url   href: 'alloy' }
7 silly lockFile 8d809cba-alloy alloy
8 verbose lock alloy /Users/gautier/.npm/8d809cba-alloy.lock
9 silly lockFile 8d809cba-alloy alloy
10 silly lockFile 8d809cba-alloy alloy
11 verbose addNamed [ 'alloy', '' ]
12 verbose addNamed [ null, '*' ]
13 silly lockFile b2f8915b-alloy alloy@
14 verbose lock alloy@ /Users/gautier/.npm/b2f8915b-alloy.lock
15 silly addNameRange { name: 'alloy', range: '*', hasData: false }
16 verbose request where is /alloy
17 verbose request registry https://registry.npmjs.org/
18 verbose request id 53288e921393a70b
19 verbose url raw /alloy
20 verbose url resolving [ 'https://registry.npmjs.org/', './alloy' ]
21 verbose url resolved https://registry.npmjs.org/alloy
22 verbose request where is https://registry.npmjs.org/alloy
23 info trying registry request attempt 1 at 08:07:50
24 http GET https://registry.npmjs.org/alloy
25 http 200 https://registry.npmjs.org/alloy
26 silly registry.get cb [ 200,
26 silly registry.get   { date: 'Thu, 04 Dec 2014 07:07:50 GMT',
26 silly registry.get     server: 'CouchDB/1.5.0 (Erlang OTP/R16B03)',
26 silly registry.get     etag: '"7W7A70VEQS0Y29CLOQFCLAIN1"',
26 silly registry.get     'content-type': 'application/json',
26 silly registry.get     'cache-control': 'max-age=60',
26 silly registry.get     'content-length': '223116',
26 silly registry.get     'accept-ranges': 'bytes',
26 silly registry.get     via: '1.1 varnish',
26 silly registry.get     age: '8',
26 silly registry.get     'x-served-by': 'cache-fra1225-FRA',
26 silly registry.get     'x-cache': 'HIT',
26 silly registry.get     'x-cache-hits': '1',
26 silly registry.get     'x-timer': 'S1417676870.612580,VS0,VE1',
26 silly registry.get     vary: 'Accept',
26 silly registry.get     'keep-alive': 'timeout=10, max=50',
26 silly registry.get     connection: 'Keep-Alive' } ]
27 silly addNameRange number 2 { name: 'alloy', range: '*', hasData: true }
28 silly addNameRange versions [ 'alloy',
28 silly addNameRange   [ '0.1.0',
28 silly addNameRange     '0.1.1',
28 silly addNameRange     '0.1.2',
28 silly addNameRange     '0.1.3',
28 silly addNameRange     '0.1.4',
28 silly addNameRange     '0.1.5',
28 silly addNameRange     '0.1.6',
28 silly addNameRange     '0.1.7',
28 silly addNameRange     '0.1.8',
28 silly addNameRange     '0.1.10',
28 silly addNameRange     '0.1.11',
28 silly addNameRange     '0.1.12',
28 silly addNameRange     '0.1.13',
28 silly addNameRange     '0.1.14',
28 silly addNameRange     '0.1.15',
28 silly addNameRange     '0.1.16',
28 silly addNameRange     '0.1.17',
28 silly addNameRange     '0.1.19',
28 silly addNameRange     '0.1.20',
28 silly addNameRange     '0.1.21',
28 silly addNameRange     '0.1.22',
28 silly addNameRange     '0.1.23',
28 silly addNameRange     '0.1.24',
28 silly addNameRange     '0.1.25',
28 silly addNameRange     '0.1.26',
28 silly addNameRange     '0.1.27',
28 silly addNameRange     '0.1.28',
28 silly addNameRange     '0.1.29',
28 silly addNameRange     '0.2.0',
28 silly addNameRange     '0.2.2',
28 silly addNameRange     '0.2.3',
28 silly addNameRange     '0.2.4',
28 silly addNameRange     '0.2.5',
28 silly addNameRange     '0.2.6',
28 silly addNameRange     '0.2.7',
28 silly addNameRange     '0.2.8',
28 silly addNameRange     '0.2.9',
28 silly addNameRange     '0.2.10',
28 silly addNameRange     '0.2.11',
28 silly addNameRange     '0.2.12',
28 silly addNameRange     '0.2.13',
28 silly addNameRange     '0.2.14',
28 silly addNameRange     '0.2.15',
28 silly addNameRange     '0.2.16',
28 silly addNameRange     '0.2.17',
28 silly addNameRange     '0.2.18',
28 silly addNameRange     '0.2.19',
28 silly addNameRange     '0.2.20',
28 silly addNameRange     '0.2.21',
28 silly addNameRange     '0.2.22',
28 silly addNameRange     '0.2.23',
28 silly addNameRange     '0.2.24',
28 silly addNameRange     '0.2.25',
28 silly addNameRange     '0.2.26',
28 silly addNameRange     '0.2.27',
28 silly addNameRange     '0.2.28',
28 silly addNameRange     '0.2.29',
28 silly addNameRange     '0.2.30',
28 silly addNameRange     '0.2.31',
28 silly addNameRange     '0.2.32',
28 silly addNameRange     '0.2.33',
28 silly addNameRange     '0.2.34',
28 silly addNameRange     '0.2.35',
28 silly addNameRange     '0.2.35-1',
28 silly addNameRange     '0.2.35-2',
28 silly addNameRange     '0.2.36',
28 silly addNameRange     '0.2.37',
28 silly addNameRange     '0.2.37-1',
28 silly addNameRange     '0.2.38',
28 silly addNameRange     '0.2.39',
28 silly addNameRange     '0.2.39-1',
28 silly addNameRange     '0.2.40',
28 silly addNameRange     '0.2.41',
28 silly addNameRange     '0.2.42',
28 silly addNameRange     '0.3.0',
28 silly addNameRange     '0.3.1',
28 silly addNameRange     '0.3.2',
28 silly addNameRange     '0.3.3',
28 silly addNameRange     '0.3.4',
28 silly addNameRange     '0.3.5',
28 silly addNameRange     '0.3.6',
28 silly addNameRange     '1.0.0-cr',
28 silly addNameRange     '1.0.0',
28 silly addNameRange     '1.1.0-alpha',
28 silly addNameRange     '1.1.0-beta',
28 silly addNameRange     '1.1.0-cr',
28 silly addNameRange     '1.1.0',
28 silly addNameRange     '1.1.1-alpha',
28 silly addNameRange     '1.1.1-cr',
28 silly addNameRange     '1.1.1',
28 silly addNameRange     '1.1.2-alpha',
28 silly addNameRange     '1.1.2',
28 silly addNameRange     '1.1.3-alpha',
28 silly addNameRange     '1.1.3-cr',
28 silly addNameRange     '1.1.3',
28 silly addNameRange     '1.2.0-alpha',
28 silly addNameRange     '1.2.0-alpha2',
28 silly addNameRange     '1.2.0-alpha3',
28 silly addNameRange     '1.2.0-alpha4',
28 silly addNameRange     '1.2.0-alpha5',
28 silly addNameRange     '1.2.0-alpha6',
28 silly addNameRange     '1.2.0-beta',
28 silly addNameRange     '1.2.1-cr',
28 silly addNameRange     '1.2.0',
28 silly addNameRange     '1.2.1-cr2',
28 silly addNameRange     '1.2.1',
28 silly addNameRange     '1.2.2-beta',
28 silly addNameRange     '1.2.2-cr',
28 silly addNameRange     '1.2.2',
28 silly addNameRange     '1.3.0-alpha',
28 silly addNameRange     '1.3.0-alpha6',
28 silly addNameRange     '1.3.0-alpha7',
28 silly addNameRange     '1.3.0-beta',
28 silly addNameRange     '1.3.0-cr',
28 silly addNameRange     '1.3.0-cr2',
28 silly addNameRange     '1.3.0',
28 silly addNameRange     '1.3.1-alpha',
28 silly addNameRange     '1.3.1-beta',
28 silly addNameRange     '1.3.1-beta2',
28 silly addNameRange     '1.3.1-beta3',
28 silly addNameRange     '1.3.1-beta4',
28 silly addNameRange     '1.3.1-cr',
28 silly addNameRange     '1.3.1-cr2',
28 silly addNameRange     '1.3.1-cr3',
28 silly addNameRange     '1.3.1',
28 silly addNameRange     '1.4.0-alpha',
28 silly addNameRange     '1.4.0-alpha2',
28 silly addNameRange     '1.4.0-alpha3',
28 silly addNameRange     '1.4.0-alpha4',
28 silly addNameRange     '1.4.0-beta',
28 silly addNameRange     '1.4.0-beta2',
28 silly addNameRange     '1.4.0-rc',
28 silly addNameRange     '1.4.0-rc2',
28 silly addNameRange     '1.4.0-rc3',
28 silly addNameRange     '1.4.0-rc4',
28 silly addNameRange     '1.4.0-rc5',
28 silly addNameRange     '1.4.0',
28 silly addNameRange     '1.4.1-rc',
28 silly addNameRange     '1.4.1',
28 silly addNameRange     '1.5.0-beta',
28 silly addNameRange     '1.5.0-beta2',
28 silly addNameRange     '1.5.0-rc',
28 silly addNameRange     '1.5.0-rc2',
28 silly addNameRange     '1.5.0-rc3',
28 silly addNameRange     '1.5.0-rc5',
28 silly addNameRange     '1.5.0',
28 silly addNameRange     '1.5.1-rc',
28 silly addNameRange     '1.5.1' ] ]
29 verbose addNamed [ 'alloy', '1.5.1' ]
30 verbose addNamed [ '1.5.1', '1.5.1' ]
31 silly lockFile 44c72771-alloy-1-5-1 alloy@1.5.1
32 verbose lock alloy@1.5.1 /Users/gautier/.npm/44c72771-alloy-1-5-1.lock
33 silly lockFile bde2a834--npmjs-org-alloy-alloy-1-5-1-tgz https://registry.npmjs.org/alloy/-/alloy-1.5.1.tgz
34 verbose lock https://registry.npmjs.org/alloy/-/alloy-1.5.1.tgz /Users/gautier/.npm/bde2a834--npmjs-org-alloy-alloy-1-5-1-tgz.lock
35 verbose addRemoteTarball [ 'https://registry.npmjs.org/alloy/-/alloy-1.5.1.tgz',
35 verbose addRemoteTarball   'cecc1d5ec6a73a13487642fb324ab05981b67f7d' ]
36 info retry fetch attempt 1 at 08:07:51
37 verbose fetch to= /var/folders/p1/p9hmw1c52tscp6s2l51lspr40000gn/T/npm-1344-eV7rgRoj/registry.npmjs.org/alloy/-/alloy-1.5.1.tgz
38 http GET https://registry.npmjs.org/alloy/-/alloy-1.5.1.tgz
39 http 200 https://registry.npmjs.org/alloy/-/alloy-1.5.1.tgz
40 silly lockFile bde2a834--npmjs-org-alloy-alloy-1-5-1-tgz https://registry.npmjs.org/alloy/-/alloy-1.5.1.tgz
41 silly lockFile bde2a834--npmjs-org-alloy-alloy-1-5-1-tgz https://registry.npmjs.org/alloy/-/alloy-1.5.1.tgz
42 silly lockFile 44c72771-alloy-1-5-1 alloy@1.5.1
43 silly lockFile 44c72771-alloy-1-5-1 alloy@1.5.1
44 silly lockFile b2f8915b-alloy alloy@
45 silly lockFile b2f8915b-alloy alloy@
46 silly resolved [ { name: 'alloy',
46 silly resolved     description: 'Appcelerator Titanium MVC Framework',
46 silly resolved     keywords:
46 silly resolved      [ 'appcelerator',
46 silly resolved        'titanium',
46 silly resolved        'alloy',
46 silly resolved        'mobile',
46 silly resolved        'ios',
46 silly resolved        'iphone',
46 silly resolved        'android',
46 silly resolved        'blackberry',
46 silly resolved        'html5',
46 silly resolved        'mobileweb' ],
46 silly resolved     version: '1.5.1',
46 silly resolved     author: { name: 'Appcelerator, Inc.', email: 'info@appcelerator.com' },
46 silly resolved     maintainers: [ [Object], [Object], [Object], [Object], [Object] ],
46 silly resolved     repository: { type: 'git', url: 'http://github.com/appcelerator/alloy.git' },
46 silly resolved     preferGlobal: true,
46 silly resolved     dependencies:
46 silly resolved      { colors: '0.6.0-1',
46 silly resolved        pkginfo: '0.2.2',
46 silly resolved        commander: '0.6.1',
46 silly resolved        wrench: '1.3.9',
46 silly resolved        xmldom: '0.1.19',
46 silly resolved        jsonlint: '1.5.1',
46 silly resolved        'uglify-js': '2.4.15',
46 silly resolved        'source-map': '0.1.9',
46 silly resolved        xml2tss: '0.0.5',
46 silly resolved        moment: '2.7.0',
46 silly resolved        'node.extend': '1.0.10' },
46 silly resolved     license: 'Apache Public License v2',
46 silly resolved     bin: { alloy: './bin/alloy' },
46 silly resolved     scripts: { test: 'jake test:all' },
46 silly resolved     main: './Alloy/alloy',
46 silly resolved     engines: { node: '>=0.8' },
46 silly resolved     gitHead: '07af6d4c66d49c5952dbbf445911ad94b56a62f9',
46 silly resolved     bugs: { url: 'https://github.com/appcelerator/alloy/issues' },
46 silly resolved     homepage: 'https://github.com/appcelerator/alloy',
46 silly resolved     _id: 'alloy@1.5.1',
46 silly resolved     _shasum: 'cecc1d5ec6a73a13487642fb324ab05981b67f7d',
46 silly resolved     _from: 'alloy@',
46 silly resolved     _npmVersion: '1.4.23',
46 silly resolved     _npmUser: { name: 'pinnamur', email: 'pinnamuri@appcelerator.com' },
46 silly resolved     dist:
46 silly resolved      { shasum: 'cecc1d5ec6a73a13487642fb324ab05981b67f7d',
46 silly resolved        tarball: 'http://registry.npmjs.org/alloy/-/alloy-1.5.1.tgz' },
46 silly resolved     directories: {},
46 silly resolved     _resolved: 'https://registry.npmjs.org/alloy/-/alloy-1.5.1.tgz' } ]
47 info install alloy@1.5.1 into /usr/local/lib
48 info installOne alloy@1.5.1
49 verbose lib/node_modules/alloy unbuild
50 verbose tar unpack /Users/gautier/.npm/alloy/1.5.1/package.tgz
51 silly lockFile 65dd2013-usr-local-lib-node-modules-alloy tar:///usr/local/lib/node_modules/alloy
52 verbose lock tar:///usr/local/lib/node_modules/alloy /Users/gautier/.npm/65dd2013-usr-local-lib-node-modules-alloy.lock
53 silly lockFile 016f02a5-tier-npm-alloy-1-5-1-package-tgz tar:///Users/gautier/.npm/alloy/1.5.1/package.tgz
54 verbose lock tar:///Users/gautier/.npm/alloy/1.5.1/package.tgz /Users/gautier/.npm/016f02a5-tier-npm-alloy-1-5-1-package-tgz.lock
55 silly gunzTarPerm modes [ '755', '644' ]
56 error Error: EACCES, mkdir '/usr/local/lib/node_modules/alloy'
56 error  { [Error: EACCES, mkdir '/usr/local/lib/node_modules/alloy']
56 error   errno: 3,
56 error   code: 'EACCES',
56 error   path: '/usr/local/lib/node_modules/alloy',
56 error   fstream_type: 'Directory',
56 error   fstream_path: '/usr/local/lib/node_modules/alloy',
56 error   fstream_class: 'DirWriter',
56 error   fstream_stack:
56 error    [ '/usr/local/lib/node_modules/npm/node_modules/fstream/lib/dir-writer.js:36:23',
56 error      '/usr/local/lib/node_modules/npm/node_modules/mkdirp/index.js:46:53',
56 error      'Object.oncomplete (fs.js:107:15)' ] }
57 error Please try running this command again as root/Administrator.
58 error System Darwin 14.0.0
59 error command "node" "/usr/local/bin/npm" "install" "-g" "alloy"
60 error cwd /Volumes/Data/Titanium/workspace/newport
61 error node -v v0.10.32
62 error npm -v 1.4.28
63 error path /usr/local/lib/node_modules/alloy
64 error fstream_path /usr/local/lib/node_modules/alloy
65 error fstream_type Directory
66 error fstream_class DirWriter
67 error code EACCES
68 error errno 3
69 error stack Error: EACCES, mkdir '/usr/local/lib/node_modules/alloy'
70 error fstream_stack /usr/local/lib/node_modules/npm/node_modules/fstream/lib/dir-writer.js:36:23
70 error fstream_stack /usr/local/lib/node_modules/npm/node_modules/mkdirp/index.js:46:53
70 error fstream_stack Object.oncomplete (fs.js:107:15)
71 verbose exit [ 3, true ]
